<?xml version="1.0" encoding="UTF-8"?>
<testng-results ignored="0" total="12" passed="8" failed="4" skipped="0">
  <reporter-output>
  </reporter-output>
  <suite started-at="2025-07-25T22:09:58 IST" name="Suite" finished-at="2025-07-25T22:12:03 IST" duration-ms="124844">
    <groups>
    </groups>
    <test started-at="2025-07-25T22:09:58 IST" name="Test" finished-at="2025-07-25T22:12:03 IST" duration-ms="124844">
      <class name="framework.MavenFrameworkBatch5.RegisterTest">
        <test-method is-config="true" signature="setUp()[pri:0, instance:framework.MavenFrameworkBatch5.RegisterTest@7d9d0818]" started-at="2025-07-25T22:10:33 IST" name="setUp" finished-at="2025-07-25T22:10:39 IST" duration-ms="6466" status="PASS">
          <reporter-output>
          </reporter-output>
        </test-method> <!-- setUp -->
        <test-method signature="noFirstNameValidation()[pri:0, instance:framework.MavenFrameworkBatch5.RegisterTest@7d9d0818]" started-at="2025-07-25T22:10:39 IST" name="noFirstNameValidation" finished-at="2025-07-25T22:10:41 IST" duration-ms="1415" status="PASS">
          <reporter-output>
          </reporter-output>
        </test-method> <!-- noFirstNameValidation -->
        <test-method is-config="true" signature="tearDown()[pri:0, instance:framework.MavenFrameworkBatch5.RegisterTest@7d9d0818]" started-at="2025-07-25T22:10:41 IST" name="tearDown" finished-at="2025-07-25T22:10:43 IST" duration-ms="2515" status="PASS">
          <reporter-output>
          </reporter-output>
        </test-method> <!-- tearDown -->
        <test-method is-config="true" signature="setUp()[pri:0, instance:framework.MavenFrameworkBatch5.RegisterTest@7d9d0818]" started-at="2025-07-25T22:10:43 IST" name="setUp" finished-at="2025-07-25T22:10:50 IST" duration-ms="6273" status="PASS">
          <reporter-output>
          </reporter-output>
        </test-method> <!-- setUp -->
        <test-method signature="registerWithAllTheDetailAlongWithSubscriptionYes()[pri:0, instance:framework.MavenFrameworkBatch5.RegisterTest@7d9d0818]" started-at="2025-07-25T22:10:50 IST" name="registerWithAllTheDetailAlongWithSubscriptionYes" finished-at="2025-07-25T22:10:51 IST" duration-ms="1802" status="FAIL">
          <exception class="java.lang.AssertionError">
            <message>
              <![CDATA[FAIL - Registration has been Failed - success message not displayed expected [Account Has Been Created] but found [Your Account Has Been Created!]]]>
            </message>
            <full-stacktrace>
              <![CDATA[java.lang.AssertionError: FAIL - Registration has been Failed - success message not displayed expected [Account Has Been Created] but found [Your Account Has Been Created!]
at org.testng.Assert.fail(Assert.java:111)
at org.testng.Assert.failNotEquals(Assert.java:1578)
at org.testng.Assert.assertEqualsImpl(Assert.java:150)
at org.testng.Assert.assertEquals(Assert.java:132)
at org.testng.Assert.assertEquals(Assert.java:656)
at pageObject.RegisterPage.verifyRegistrationSuccessfulTextMessage(RegisterPage.java:62)
at framework.MavenFrameworkBatch5.RegisterTest.registerWithAllTheDetailAlongWithSubscriptionYes(RegisterTest.java:66)
at java.base/jdk.internal.reflect.DirectMethodHandleAccessor.invoke(DirectMethodHandleAccessor.java:103)
at java.base/java.lang.reflect.Method.invoke(Method.java:580)
at org.testng.internal.invokers.MethodInvocationHelper.invokeMethod(MethodInvocationHelper.java:141)
at org.testng.internal.invokers.TestInvoker.invokeMethod(TestInvoker.java:686)
at org.testng.internal.invokers.TestInvoker.invokeTestMethod(TestInvoker.java:230)
at org.testng.internal.invokers.MethodRunner.runInSequence(MethodRunner.java:63)
at org.testng.internal.invokers.TestInvoker$MethodInvocationAgent.invoke(TestInvoker.java:992)
at org.testng.internal.invokers.TestInvoker.invokeTestMethods(TestInvoker.java:203)
at org.testng.internal.invokers.TestMethodWorker.invokeTestMethods(TestMethodWorker.java:154)
at org.testng.internal.invokers.TestMethodWorker.run(TestMethodWorker.java:134)
at java.base/java.util.ArrayList.forEach(ArrayList.java:1596)
at org.testng.TestRunner.privateRun(TestRunner.java:739)
at org.testng.TestRunner.run(TestRunner.java:614)
at org.testng.SuiteRunner.runTest(SuiteRunner.java:421)
at org.testng.SuiteRunner.runSequentially(SuiteRunner.java:413)
at org.testng.SuiteRunner.privateRun(SuiteRunner.java:373)
at org.testng.SuiteRunner.run(SuiteRunner.java:312)
at org.testng.SuiteRunnerWorker.runSuite(SuiteRunnerWorker.java:52)
at org.testng.SuiteRunnerWorker.run(SuiteRunnerWorker.java:95)
at org.testng.TestNG.runSuitesSequentially(TestNG.java:1274)
at org.testng.TestNG.runSuitesLocally(TestNG.java:1208)
at org.testng.TestNG.runSuites(TestNG.java:1112)
at org.testng.TestNG.run(TestNG.java:1079)
at org.testng.remote.AbstractRemoteTestNG.run(AbstractRemoteTestNG.java:115)
at org.testng.remote.RemoteTestNG.initAndRun(RemoteTestNG.java:293)
at org.testng.remote.RemoteTestNG.main(RemoteTestNG.java:91)
]]>
            </full-stacktrace>
          </exception> <!-- java.lang.AssertionError -->
          <reporter-output>
          </reporter-output>
        </test-method> <!-- registerWithAllTheDetailAlongWithSubscriptionYes -->
        <test-method is-config="true" signature="tearDown()[pri:0, instance:framework.MavenFrameworkBatch5.RegisterTest@7d9d0818]" started-at="2025-07-25T22:10:52 IST" name="tearDown" finished-at="2025-07-25T22:10:54 IST" duration-ms="2523" status="PASS">
          <reporter-output>
          </reporter-output>
        </test-method> <!-- tearDown -->
        <test-method is-config="true" signature="setUp()[pri:0, instance:framework.MavenFrameworkBatch5.RegisterTest@7d9d0818]" started-at="2025-07-25T22:10:54 IST" name="setUp" finished-at="2025-07-25T22:11:01 IST" duration-ms="7046" status="PASS">
          <reporter-output>
          </reporter-output>
        </test-method> <!-- setUp -->
        <test-method signature="registerWithMandatoryDetail()[pri:0, instance:framework.MavenFrameworkBatch5.RegisterTest@7d9d0818]" started-at="2025-07-25T22:11:01 IST" name="registerWithMandatoryDetail" finished-at="2025-07-25T22:11:03 IST" duration-ms="1678" status="FAIL">
          <exception class="java.lang.AssertionError">
            <message>
              <![CDATA[FAIL - Registration has been Failed - success message not displayed expected [Account Has Been Created] but found [Your Account Has Been Created!]]]>
            </message>
            <full-stacktrace>
              <![CDATA[java.lang.AssertionError: FAIL - Registration has been Failed - success message not displayed expected [Account Has Been Created] but found [Your Account Has Been Created!]
at org.testng.Assert.fail(Assert.java:111)
at org.testng.Assert.failNotEquals(Assert.java:1578)
at org.testng.Assert.assertEqualsImpl(Assert.java:150)
at org.testng.Assert.assertEquals(Assert.java:132)
at org.testng.Assert.assertEquals(Assert.java:656)
at pageObject.RegisterPage.verifyRegistrationSuccessfulTextMessage(RegisterPage.java:62)
at framework.MavenFrameworkBatch5.RegisterTest.registerWithMandatoryDetail(RegisterTest.java:47)
at java.base/jdk.internal.reflect.DirectMethodHandleAccessor.invoke(DirectMethodHandleAccessor.java:103)
at java.base/java.lang.reflect.Method.invoke(Method.java:580)
at org.testng.internal.invokers.MethodInvocationHelper.invokeMethod(MethodInvocationHelper.java:141)
at org.testng.internal.invokers.TestInvoker.invokeMethod(TestInvoker.java:686)
at org.testng.internal.invokers.TestInvoker.invokeTestMethod(TestInvoker.java:230)
at org.testng.internal.invokers.MethodRunner.runInSequence(MethodRunner.java:63)
at org.testng.internal.invokers.TestInvoker$MethodInvocationAgent.invoke(TestInvoker.java:992)
at org.testng.internal.invokers.TestInvoker.invokeTestMethods(TestInvoker.java:203)
at org.testng.internal.invokers.TestMethodWorker.invokeTestMethods(TestMethodWorker.java:154)
at org.testng.internal.invokers.TestMethodWorker.run(TestMethodWorker.java:134)
at java.base/java.util.ArrayList.forEach(ArrayList.java:1596)
at org.testng.TestRunner.privateRun(TestRunner.java:739)
at org.testng.TestRunner.run(TestRunner.java:614)
at org.testng.SuiteRunner.runTest(SuiteRunner.java:421)
at org.testng.SuiteRunner.runSequentially(SuiteRunner.java:413)
at org.testng.SuiteRunner.privateRun(SuiteRunner.java:373)
at org.testng.SuiteRunner.run(SuiteRunner.java:312)
at org.testng.SuiteRunnerWorker.runSuite(SuiteRunnerWorker.java:52)
at org.testng.SuiteRunnerWorker.run(SuiteRunnerWorker.java:95)
at org.testng.TestNG.runSuitesSequentially(TestNG.java:1274)
at org.testng.TestNG.runSuitesLocally(TestNG.java:1208)
at org.testng.TestNG.runSuites(TestNG.java:1112)
at org.testng.TestNG.run(TestNG.java:1079)
at org.testng.remote.AbstractRemoteTestNG.run(AbstractRemoteTestNG.java:115)
at org.testng.remote.RemoteTestNG.initAndRun(RemoteTestNG.java:293)
at org.testng.remote.RemoteTestNG.main(RemoteTestNG.java:91)
]]>
            </full-stacktrace>
          </exception> <!-- java.lang.AssertionError -->
          <reporter-output>
          </reporter-output>
        </test-method> <!-- registerWithMandatoryDetail -->
        <test-method is-config="true" signature="tearDown()[pri:0, instance:framework.MavenFrameworkBatch5.RegisterTest@7d9d0818]" started-at="2025-07-25T22:11:03 IST" name="tearDown" finished-at="2025-07-25T22:11:06 IST" duration-ms="2411" status="PASS">
          <reporter-output>
          </reporter-output>
        </test-method> <!-- tearDown -->
        <test-method is-config="true" signature="setUp()[pri:0, instance:framework.MavenFrameworkBatch5.RegisterTest@7d9d0818]" started-at="2025-07-25T22:11:06 IST" name="setUp" finished-at="2025-07-25T22:11:11 IST" duration-ms="5715" status="PASS">
          <reporter-output>
          </reporter-output>
        </test-method> <!-- setUp -->
        <test-method signature="registerWithoutProvidingAnyData()[pri:0, instance:framework.MavenFrameworkBatch5.RegisterTest@7d9d0818]" started-at="2025-07-25T22:11:11 IST" name="registerWithoutProvidingAnyData" finished-at="2025-07-25T22:11:12 IST" duration-ms="728" status="PASS">
          <reporter-output>
          </reporter-output>
        </test-method> <!-- registerWithoutProvidingAnyData -->
        <test-method is-config="true" signature="tearDown()[pri:0, instance:framework.MavenFrameworkBatch5.RegisterTest@7d9d0818]" started-at="2025-07-25T22:11:12 IST" name="tearDown" finished-at="2025-07-25T22:11:14 IST" duration-ms="2424" status="PASS">
          <reporter-output>
          </reporter-output>
        </test-method> <!-- tearDown -->
      </class> <!-- framework.MavenFrameworkBatch5.RegisterTest -->
      <class name="framework.MavenFrameworkBatch5.SearchTest">
        <test-method is-config="true" signature="setUp()[pri:0, instance:framework.MavenFrameworkBatch5.SearchTest@74d1dc36]" started-at="2025-07-25T22:09:58 IST" name="setUp" finished-at="2025-07-25T22:10:05 IST" duration-ms="6942" status="PASS">
          <reporter-output>
          </reporter-output>
        </test-method> <!-- setUp -->
        <test-method signature="searchInvalidProduct()[pri:0, instance:framework.MavenFrameworkBatch5.SearchTest@74d1dc36]" started-at="2025-07-25T22:10:05 IST" name="searchInvalidProduct" finished-at="2025-07-25T22:10:07 IST" duration-ms="1450" status="PASS">
          <reporter-output>
          </reporter-output>
        </test-method> <!-- searchInvalidProduct -->
        <test-method is-config="true" signature="tearDown()[pri:0, instance:framework.MavenFrameworkBatch5.SearchTest@74d1dc36]" started-at="2025-07-25T22:10:07 IST" name="tearDown" finished-at="2025-07-25T22:10:11 IST" duration-ms="4632" status="PASS">
          <reporter-output>
          </reporter-output>
        </test-method> <!-- tearDown -->
        <test-method is-config="true" signature="setUp()[pri:0, instance:framework.MavenFrameworkBatch5.SearchTest@74d1dc36]" started-at="2025-07-25T22:10:11 IST" name="setUp" finished-at="2025-07-25T22:10:19 IST" duration-ms="7961" status="PASS">
          <reporter-output>
          </reporter-output>
        </test-method> <!-- setUp -->
        <test-method signature="searchWithValidProduct()[pri:0, instance:framework.MavenFrameworkBatch5.SearchTest@74d1dc36]" started-at="2025-07-25T22:10:19 IST" name="searchWithValidProduct" finished-at="2025-07-25T22:10:20 IST" duration-ms="1049" status="PASS">
          <reporter-output>
          </reporter-output>
        </test-method> <!-- searchWithValidProduct -->
        <test-method is-config="true" signature="tearDown()[pri:0, instance:framework.MavenFrameworkBatch5.SearchTest@74d1dc36]" started-at="2025-07-25T22:10:20 IST" name="tearDown" finished-at="2025-07-25T22:10:23 IST" duration-ms="2467" status="PASS">
          <reporter-output>
          </reporter-output>
        </test-method> <!-- tearDown -->
        <test-method is-config="true" signature="setUp()[pri:0, instance:framework.MavenFrameworkBatch5.SearchTest@74d1dc36]" started-at="2025-07-25T22:10:23 IST" name="setUp" finished-at="2025-07-25T22:10:29 IST" duration-ms="6268" status="PASS">
          <reporter-output>
          </reporter-output>
        </test-method> <!-- setUp -->
        <test-method signature="searchWithoutProvidingAnyProduct()[pri:0, instance:framework.MavenFrameworkBatch5.SearchTest@74d1dc36]" started-at="2025-07-25T22:10:29 IST" name="searchWithoutProvidingAnyProduct" finished-at="2025-07-25T22:10:30 IST" duration-ms="1146" status="FAIL">
          <exception class="java.lang.AssertionError">
            <message>
              <![CDATA[null]]>
            </message>
            <full-stacktrace>
              <![CDATA[java.lang.AssertionError: null
at org.testng.Assert.fail(Assert.java:111)
at org.testng.Assert.fail(Assert.java:116)
at framework.MavenFrameworkBatch5.SearchTest.searchWithoutProvidingAnyProduct(SearchTest.java:51)
at java.base/jdk.internal.reflect.DirectMethodHandleAccessor.invoke(DirectMethodHandleAccessor.java:103)
at java.base/java.lang.reflect.Method.invoke(Method.java:580)
at org.testng.internal.invokers.MethodInvocationHelper.invokeMethod(MethodInvocationHelper.java:141)
at org.testng.internal.invokers.TestInvoker.invokeMethod(TestInvoker.java:686)
at org.testng.internal.invokers.TestInvoker.invokeTestMethod(TestInvoker.java:230)
at org.testng.internal.invokers.MethodRunner.runInSequence(MethodRunner.java:63)
at org.testng.internal.invokers.TestInvoker$MethodInvocationAgent.invoke(TestInvoker.java:992)
at org.testng.internal.invokers.TestInvoker.invokeTestMethods(TestInvoker.java:203)
at org.testng.internal.invokers.TestMethodWorker.invokeTestMethods(TestMethodWorker.java:154)
at org.testng.internal.invokers.TestMethodWorker.run(TestMethodWorker.java:134)
at java.base/java.util.ArrayList.forEach(ArrayList.java:1596)
at org.testng.TestRunner.privateRun(TestRunner.java:739)
at org.testng.TestRunner.run(TestRunner.java:614)
at org.testng.SuiteRunner.runTest(SuiteRunner.java:421)
at org.testng.SuiteRunner.runSequentially(SuiteRunner.java:413)
at org.testng.SuiteRunner.privateRun(SuiteRunner.java:373)
at org.testng.SuiteRunner.run(SuiteRunner.java:312)
at org.testng.SuiteRunnerWorker.runSuite(SuiteRunnerWorker.java:52)
at org.testng.SuiteRunnerWorker.run(SuiteRunnerWorker.java:95)
at org.testng.TestNG.runSuitesSequentially(TestNG.java:1274)
at org.testng.TestNG.runSuitesLocally(TestNG.java:1208)
at org.testng.TestNG.runSuites(TestNG.java:1112)
at org.testng.TestNG.run(TestNG.java:1079)
at org.testng.remote.AbstractRemoteTestNG.run(AbstractRemoteTestNG.java:115)
at org.testng.remote.RemoteTestNG.initAndRun(RemoteTestNG.java:293)
at org.testng.remote.RemoteTestNG.main(RemoteTestNG.java:91)
]]>
            </full-stacktrace>
          </exception> <!-- java.lang.AssertionError -->
          <reporter-output>
          </reporter-output>
        </test-method> <!-- searchWithoutProvidingAnyProduct -->
        <test-method is-config="true" signature="tearDown()[pri:0, instance:framework.MavenFrameworkBatch5.SearchTest@74d1dc36]" started-at="2025-07-25T22:10:30 IST" name="tearDown" finished-at="2025-07-25T22:10:33 IST" duration-ms="2491" status="PASS">
          <reporter-output>
          </reporter-output>
        </test-method> <!-- tearDown -->
      </class> <!-- framework.MavenFrameworkBatch5.SearchTest -->
      <class name="framework.MavenFrameworkBatch5.LoginTest">
        <test-method is-config="true" signature="setUp()[pri:0, instance:framework.MavenFrameworkBatch5.LoginTest@221a3fa4]" started-at="2025-07-25T22:11:14 IST" name="setUp" finished-at="2025-07-25T22:11:19 IST" duration-ms="4930" status="PASS">
          <reporter-output>
          </reporter-output>
        </test-method> <!-- setUp -->
        <test-method signature="loginWithValidEmailAndValidPassword()[pri:1, instance:framework.MavenFrameworkBatch5.LoginTest@221a3fa4]" started-at="2025-07-25T22:11:19 IST" name="loginWithValidEmailAndValidPassword" finished-at="2025-07-25T22:11:20 IST" duration-ms="378" status="FAIL">
          <exception class="java.lang.AssertionError">
            <message>
              <![CDATA[expected [Account Login] but found [My Account---]]]>
            </message>
            <full-stacktrace>
              <![CDATA[java.lang.AssertionError: expected [Account Login] but found [My Account---]
at org.testng.Assert.fail(Assert.java:111)
at org.testng.Assert.failNotEquals(Assert.java:1578)
at org.testng.Assert.assertEqualsImpl(Assert.java:150)
at org.testng.Assert.assertEquals(Assert.java:132)
at org.testng.Assert.assertEquals(Assert.java:656)
at org.testng.Assert.assertEquals(Assert.java:666)
at pageObject.AccountsPage.verifyLoginIsSuccessfullInAccountPage(AccountsPage.java:16)
at framework.MavenFrameworkBatch5.LoginTest.loginWithValidEmailAndValidPassword(LoginTest.java:37)
at java.base/jdk.internal.reflect.DirectMethodHandleAccessor.invoke(DirectMethodHandleAccessor.java:103)
at java.base/java.lang.reflect.Method.invoke(Method.java:580)
at org.testng.internal.invokers.MethodInvocationHelper.invokeMethod(MethodInvocationHelper.java:141)
at org.testng.internal.invokers.TestInvoker.invokeMethod(TestInvoker.java:686)
at org.testng.internal.invokers.TestInvoker.invokeTestMethod(TestInvoker.java:230)
at org.testng.internal.invokers.MethodRunner.runInSequence(MethodRunner.java:63)
at org.testng.internal.invokers.TestInvoker$MethodInvocationAgent.invoke(TestInvoker.java:992)
at org.testng.internal.invokers.TestInvoker.invokeTestMethods(TestInvoker.java:203)
at org.testng.internal.invokers.TestMethodWorker.invokeTestMethods(TestMethodWorker.java:154)
at org.testng.internal.invokers.TestMethodWorker.run(TestMethodWorker.java:134)
at java.base/java.util.ArrayList.forEach(ArrayList.java:1596)
at org.testng.TestRunner.privateRun(TestRunner.java:739)
at org.testng.TestRunner.run(TestRunner.java:614)
at org.testng.SuiteRunner.runTest(SuiteRunner.java:421)
at org.testng.SuiteRunner.runSequentially(SuiteRunner.java:413)
at org.testng.SuiteRunner.privateRun(SuiteRunner.java:373)
at org.testng.SuiteRunner.run(SuiteRunner.java:312)
at org.testng.SuiteRunnerWorker.runSuite(SuiteRunnerWorker.java:52)
at org.testng.SuiteRunnerWorker.run(SuiteRunnerWorker.java:95)
at org.testng.TestNG.runSuitesSequentially(TestNG.java:1274)
at org.testng.TestNG.runSuitesLocally(TestNG.java:1208)
at org.testng.TestNG.runSuites(TestNG.java:1112)
at org.testng.TestNG.run(TestNG.java:1079)
at org.testng.remote.AbstractRemoteTestNG.run(AbstractRemoteTestNG.java:115)
at org.testng.remote.RemoteTestNG.initAndRun(RemoteTestNG.java:293)
at org.testng.remote.RemoteTestNG.main(RemoteTestNG.java:91)
]]>
            </full-stacktrace>
          </exception> <!-- java.lang.AssertionError -->
          <reporter-output>
          </reporter-output>
        </test-method> <!-- loginWithValidEmailAndValidPassword -->
        <test-method is-config="true" signature="tearDown()[pri:0, instance:framework.MavenFrameworkBatch5.LoginTest@221a3fa4]" started-at="2025-07-25T22:11:21 IST" name="tearDown" finished-at="2025-07-25T22:11:23 IST" duration-ms="2449" status="PASS">
          <reporter-output>
          </reporter-output>
        </test-method> <!-- tearDown -->
        <test-method is-config="true" signature="setUp()[pri:0, instance:framework.MavenFrameworkBatch5.LoginTest@221a3fa4]" started-at="2025-07-25T22:11:23 IST" name="setUp" finished-at="2025-07-25T22:11:30 IST" duration-ms="6479" status="PASS">
          <reporter-output>
          </reporter-output>
        </test-method> <!-- setUp -->
        <test-method signature="loginWithValidEmailAndInvalidPassword()[pri:2, instance:framework.MavenFrameworkBatch5.LoginTest@221a3fa4]" started-at="2025-07-25T22:11:30 IST" name="loginWithValidEmailAndInvalidPassword" finished-at="2025-07-25T22:11:31 IST" duration-ms="1276" status="PASS">
          <reporter-output>
          </reporter-output>
        </test-method> <!-- loginWithValidEmailAndInvalidPassword -->
        <test-method is-config="true" signature="tearDown()[pri:0, instance:framework.MavenFrameworkBatch5.LoginTest@221a3fa4]" started-at="2025-07-25T22:11:31 IST" name="tearDown" finished-at="2025-07-25T22:11:33 IST" duration-ms="2441" status="PASS">
          <reporter-output>
          </reporter-output>
        </test-method> <!-- tearDown -->
        <test-method is-config="true" signature="setUp()[pri:0, instance:framework.MavenFrameworkBatch5.LoginTest@221a3fa4]" started-at="2025-07-25T22:11:33 IST" name="setUp" finished-at="2025-07-25T22:11:38 IST" duration-ms="4854" status="PASS">
          <reporter-output>
          </reporter-output>
        </test-method> <!-- setUp -->
        <test-method signature="loginWithInvalidEmailAndValidPassword()[pri:3, instance:framework.MavenFrameworkBatch5.LoginTest@221a3fa4]" started-at="2025-07-25T22:11:38 IST" name="loginWithInvalidEmailAndValidPassword" finished-at="2025-07-25T22:11:39 IST" duration-ms="1047" status="PASS">
          <reporter-output>
          </reporter-output>
        </test-method> <!-- loginWithInvalidEmailAndValidPassword -->
        <test-method is-config="true" signature="tearDown()[pri:0, instance:framework.MavenFrameworkBatch5.LoginTest@221a3fa4]" started-at="2025-07-25T22:11:39 IST" name="tearDown" finished-at="2025-07-25T22:11:42 IST" duration-ms="2471" status="PASS">
          <reporter-output>
          </reporter-output>
        </test-method> <!-- tearDown -->
        <test-method is-config="true" signature="setUp()[pri:0, instance:framework.MavenFrameworkBatch5.LoginTest@221a3fa4]" started-at="2025-07-25T22:11:42 IST" name="setUp" finished-at="2025-07-25T22:11:49 IST" duration-ms="6976" status="PASS">
          <reporter-output>
          </reporter-output>
        </test-method> <!-- setUp -->
        <test-method signature="loginWithInvalidEmailAndInvalidPassword()[pri:4, instance:framework.MavenFrameworkBatch5.LoginTest@221a3fa4]" started-at="2025-07-25T22:11:49 IST" name="loginWithInvalidEmailAndInvalidPassword" finished-at="2025-07-25T22:11:50 IST" duration-ms="1345" status="PASS">
          <reporter-output>
          </reporter-output>
        </test-method> <!-- loginWithInvalidEmailAndInvalidPassword -->
        <test-method is-config="true" signature="tearDown()[pri:0, instance:framework.MavenFrameworkBatch5.LoginTest@221a3fa4]" started-at="2025-07-25T22:11:50 IST" name="tearDown" finished-at="2025-07-25T22:11:53 IST" duration-ms="2702" status="PASS">
          <reporter-output>
          </reporter-output>
        </test-method> <!-- tearDown -->
        <test-method is-config="true" signature="setUp()[pri:0, instance:framework.MavenFrameworkBatch5.LoginTest@221a3fa4]" started-at="2025-07-25T22:11:53 IST" name="setUp" finished-at="2025-07-25T22:11:59 IST" duration-ms="6500" status="PASS">
          <reporter-output>
          </reporter-output>
        </test-method> <!-- setUp -->
        <test-method signature="loginWithoutEmailAndPassword()[pri:5, instance:framework.MavenFrameworkBatch5.LoginTest@221a3fa4]" started-at="2025-07-25T22:11:59 IST" name="loginWithoutEmailAndPassword" finished-at="2025-07-25T22:12:00 IST" duration-ms="905" status="PASS">
          <reporter-output>
          </reporter-output>
        </test-method> <!-- loginWithoutEmailAndPassword -->
        <test-method is-config="true" signature="tearDown()[pri:0, instance:framework.MavenFrameworkBatch5.LoginTest@221a3fa4]" started-at="2025-07-25T22:12:00 IST" name="tearDown" finished-at="2025-07-25T22:12:03 IST" duration-ms="2502" status="PASS">
          <reporter-output>
          </reporter-output>
        </test-method> <!-- tearDown -->
      </class> <!-- framework.MavenFrameworkBatch5.LoginTest -->
    </test> <!-- Test -->
  </suite> <!-- Suite -->
</testng-results>
