<?xml version="1.0" encoding="UTF-8"?>
<!-- Generated by org.testng.reporters.JUnitXMLReporter -->
<testsuite ignored="4" hostname="Subhashs-Laptop.local" failures="0" tests="1" name="Default test" time="9.672" errors="0" timestamp="2026-07-29T13:12:36 IST">
  <testcase classname="framework.MavenFrameworkBatch5.LoginTest" name="loginWithValidEmailAndValidPassword" time="1.16"/>
  <testcase classname="framework.MavenFrameworkBatch5.LoginTest" name="loginWithInvalidEmailAndInvalidPassword" time="0.0">
    <ignored/>
  </testcase> <!-- loginWithInvalidEmailAndInvalidPassword -->
  <testcase classname="framework.MavenFrameworkBatch5.LoginTest" name="loginWithInvalidEmailAndValidPassword" time="0.0">
    <ignored/>
  </testcase> <!-- loginWithInvalidEmailAndValidPassword -->
  <testcase classname="framework.MavenFrameworkBatch5.LoginTest" name="loginWithValidEmailAndInvalidPassword" time="0.0">
    <ignored/>
  </testcase> <!-- loginWithValidEmailAndInvalidPassword -->
  <testcase classname="framework.MavenFrameworkBatch5.LoginTest" name="loginWithoutEmailAndPassword" time="0.0">
    <ignored/>
  </testcase> <!-- loginWithoutEmailAndPassword -->
</testsuite> <!-- Default test -->
