<?xml version="1.0" encoding="UTF-8"?>
<!-- Generated by org.testng.reporters.JUnitXMLReporter -->
<testsuite ignored="0" hostname="DESKTOP-0IFSGBR" failures="4" tests="12" name="Test" time="124.844" errors="0" timestamp="2025-07-25T22:12:03 IST">
  <testcase classname="framework.MavenFrameworkBatch5.SearchTest" name="searchInvalidProduct" time="1.45"/>
  <testcase classname="framework.MavenFrameworkBatch5.SearchTest" name="searchWithValidProduct" time="1.049"/>
  <testcase classname="framework.MavenFrameworkBatch5.SearchTest" name="searchWithoutProvidingAnyProduct" time="1.146">
    <failure type="java.lang.AssertionError" message="null">
      <![CDATA[java.lang.AssertionError: null
at framework.MavenFrameworkBatch5.SearchTest.searchWithoutProvidingAnyProduct(SearchTest.java:51)
at java.base/java.util.ArrayList.forEach(ArrayList.java:1596)
... Removed 27 stack frames]]>
    </failure>
  </testcase> <!-- searchWithoutProvidingAnyProduct -->
  <testcase classname="framework.MavenFrameworkBatch5.RegisterTest" name="noFirstNameValidation" time="1.415"/>
  <testcase classname="framework.MavenFrameworkBatch5.RegisterTest" name="registerWithAllTheDetailAlongWithSubscriptionYes" time="1.802">
    <failure type="java.lang.AssertionError" message="FAIL - Registration has been Failed - success message not displayed expected [Account Has Been Created] but found [Your Account Has Been Created!]">
      <![CDATA[java.lang.AssertionError: FAIL - Registration has been Failed - success message not displayed expected [Account Has Been Created] but found [Your Account Has Been Created!]
at pageObject.RegisterPage.verifyRegistrationSuccessfulTextMessage(RegisterPage.java:62)
at framework.MavenFrameworkBatch5.RegisterTest.registerWithAllTheDetailAlongWithSubscriptionYes(RegisterTest.java:66)
at java.base/java.util.ArrayList.forEach(ArrayList.java:1596)
... Removed 30 stack frames]]>
    </failure>
  </testcase> <!-- registerWithAllTheDetailAlongWithSubscriptionYes -->
  <testcase classname="framework.MavenFrameworkBatch5.RegisterTest" name="registerWithMandatoryDetail" time="1.678">
    <failure type="java.lang.AssertionError" message="FAIL - Registration has been Failed - success message not displayed expected [Account Has Been Created] but found [Your Account Has Been Created!]">
      <![CDATA[java.lang.AssertionError: FAIL - Registration has been Failed - success message not displayed expected [Account Has Been Created] but found [Your Account Has Been Created!]
at pageObject.RegisterPage.verifyRegistrationSuccessfulTextMessage(RegisterPage.java:62)
at framework.MavenFrameworkBatch5.RegisterTest.registerWithMandatoryDetail(RegisterTest.java:47)
at java.base/java.util.ArrayList.forEach(ArrayList.java:1596)
... Removed 30 stack frames]]>
    </failure>
  </testcase> <!-- registerWithMandatoryDetail -->
  <testcase classname="framework.MavenFrameworkBatch5.RegisterTest" name="registerWithoutProvidingAnyData" time="0.728"/>
  <testcase classname="framework.MavenFrameworkBatch5.LoginTest" name="loginWithValidEmailAndValidPassword" time="0.378">
    <failure type="java.lang.AssertionError" message="expected [Account Login] but found [My Account---]">
      <![CDATA[java.lang.AssertionError: expected [Account Login] but found [My Account---]
at pageObject.AccountsPage.verifyLoginIsSuccessfullInAccountPage(AccountsPage.java:16)
at framework.MavenFrameworkBatch5.LoginTest.loginWithValidEmailAndValidPassword(LoginTest.java:37)
at java.base/java.util.ArrayList.forEach(ArrayList.java:1596)
... Removed 31 stack frames]]>
    </failure>
  </testcase> <!-- loginWithValidEmailAndValidPassword -->
  <testcase classname="framework.MavenFrameworkBatch5.LoginTest" name="loginWithValidEmailAndInvalidPassword" time="1.276"/>
  <testcase classname="framework.MavenFrameworkBatch5.LoginTest" name="loginWithInvalidEmailAndValidPassword" time="1.047"/>
  <testcase classname="framework.MavenFrameworkBatch5.LoginTest" name="loginWithInvalidEmailAndInvalidPassword" time="1.345"/>
  <testcase classname="framework.MavenFrameworkBatch5.LoginTest" name="loginWithoutEmailAndPassword" time="0.905"/>
</testsuite> <!-- Test -->
