<?xml version="1.0" encoding="UTF-8"?>
<testng-results ignored="0" total="1" passed="1" failed="0" skipped="0">
  <reporter-output>
  </reporter-output>
  <suite started-at="2026-07-27T23:20:22 IST" name="Default suite" finished-at="2026-07-27T23:20:29 IST" duration-ms="7780">
    <groups>
    </groups>
    <test started-at="2026-07-27T23:20:22 IST" name="Default test" finished-at="2026-07-27T23:20:29 IST" duration-ms="7780">
      <class name="framework.MavenFrameworkBatch5.LoginTest">
        <test-method is-config="true" signature="setUp()[pri:0, instance:framework.MavenFrameworkBatch5.LoginTest@368247b9]" started-at="2026-07-27T23:20:22 IST" name="setUp" finished-at="2026-07-27T23:20:26 IST" duration-ms="4203" status="PASS">
          <reporter-output>
          </reporter-output>
        </test-method> <!-- setUp -->
        <test-method signature="loginWithValidEmailAndValidPassword()[pri:1, instance:framework.MavenFrameworkBatch5.LoginTest@368247b9]" started-at="2026-07-27T23:20:26 IST" name="loginWithValidEmailAndValidPassword" finished-at="2026-07-27T23:20:27 IST" duration-ms="1424" status="PASS">
          <reporter-output>
          </reporter-output>
        </test-method> <!-- loginWithValidEmailAndValidPassword -->
        <test-method is-config="true" signature="tearDown()[pri:0, instance:framework.MavenFrameworkBatch5.LoginTest@368247b9]" started-at="2026-07-27T23:20:27 IST" name="tearDown" finished-at="2026-07-27T23:20:29 IST" duration-ms="2130" status="PASS">
          <reporter-output>
          </reporter-output>
        </test-method> <!-- tearDown -->
      </class> <!-- framework.MavenFrameworkBatch5.LoginTest -->
    </test> <!-- Default test -->
  </suite> <!-- Default suite -->
</testng-results>
