<?xml version="1.0" encoding="UTF-8"?>
<testng-results ignored="0" total="1" passed="1" failed="0" skipped="0">
  <reporter-output>
  </reporter-output>
  <suite started-at="2026-07-29T13:12:26 IST" name="Default suite" finished-at="2026-07-29T13:12:36 IST" duration-ms="9672">
    <groups>
    </groups>
    <test started-at="2026-07-29T13:12:26 IST" name="Default test" finished-at="2026-07-29T13:12:36 IST" duration-ms="9672">
      <class name="framework.MavenFrameworkBatch5.LoginTest">
        <test-method is-config="true" signature="setUp()[pri:0, instance:framework.MavenFrameworkBatch5.LoginTest@368247b9]" started-at="2026-07-29T13:12:26 IST" name="setUp" finished-at="2026-07-29T13:12:33 IST" duration-ms="6360" status="PASS">
          <reporter-output>
          </reporter-output>
        </test-method> <!-- setUp -->
        <test-method signature="loginWithValidEmailAndValidPassword()[pri:1, instance:framework.MavenFrameworkBatch5.LoginTest@368247b9]" started-at="2026-07-29T13:12:33 IST" name="loginWithValidEmailAndValidPassword" finished-at="2026-07-29T13:12:34 IST" duration-ms="1160" status="PASS">
          <reporter-output>
          </reporter-output>
        </test-method> <!-- loginWithValidEmailAndValidPassword -->
        <test-method is-config="true" signature="tearDown()[pri:0, instance:framework.MavenFrameworkBatch5.LoginTest@368247b9]" started-at="2026-07-29T13:12:34 IST" name="tearDown" finished-at="2026-07-29T13:12:36 IST" duration-ms="2128" status="PASS">
          <reporter-output>
          </reporter-output>
        </test-method> <!-- tearDown -->
      </class> <!-- framework.MavenFrameworkBatch5.LoginTest -->
    </test> <!-- Default test -->
  </suite> <!-- Default suite -->
</testng-results>
